<?xml version="1.0" encoding="UTF-8"?>
<!-- Generated by org.testng.reporters.JUnitReportReporter -->
<testsuite hostname="Asus-Laptop" failures="0" tests="1" name="com.test.bdd.runner.TestRunner" time="0.057" errors="0" timestamp="2025-01-22T15:38:17 IST" skipped="0">
  <testcase classname="com.test.bdd.runner.TestRunner" name="runScenario" time="0.057"/>
</testsuite> <!-- com.test.bdd.runner.TestRunner -->
